#
# There is insufficient memory for the Java Runtime Environment to continue.
# Native memory allocation (malloc) failed to allocate 2428848 bytes for Chunk::new
# Possible reasons:
#   The system is out of physical RAM or swap space
#   In 32 bit mode, the process size limit was hit
# Possible solutions:
#   Reduce memory load on the system
#   Increase physical memory or swap space
#   Check if swap backing store is full
#   Use 64 bit Java on a 64 bit OS
#   Decrease Java heap size (-Xmx/-Xms)
#   Decrease number of Java threads
#   Decrease Java thread stack sizes (-Xss)
#   Set larger code cache with -XX:ReservedCodeCacheSize=
# This output file may be truncated or incomplete.
#
#  Out of Memory Error (allocation.cpp:390), pid=15140, tid=14716
#
# JRE version: Java(TM) SE Runtime Environment (8.0_73-b02) (build 1.8.0_73-b02)
# Java VM: Java HotSpot(TM) 64-Bit Server VM (25.73-b02 mixed mode windows-amd64 compressed oops)
# Failed to write core dump. Minidumps are not enabled by default on client versions of Windows
#

---------------  T H R E A D  ---------------

Current thread (0x00000000189e5000):  JavaThread "C2 CompilerThread1" daemon [_thread_in_native, id=14716, stack(0x0000000018f90000,0x0000000019090000)]

Stack: [0x0000000018f90000,0x0000000019090000]
[error occurred during error reporting (printing stack bounds), id 0xc0000005]

Native frames: (J=compiled Java code, j=interpreted, Vv=VM code, C=native code)


Current CompileTask:
C2:  33832 3860       4       org.springframework.aop.aspectj.AspectJExpressionPointcut::matches (81 bytes)


---------------  P R O C E S S  ---------------

Java Threads: ( => current thread )
  0x000000001dfab000 JavaThread "container-0" [_thread_blocked, id=11668, stack(0x0000000020c00000,0x0000000020d00000)]
  0x000000001a620000 JavaThread "ContainerBackgroundProcessor[StandardEngine[Tomcat]]" daemon [_thread_blocked, id=4536, stack(0x0000000020b00000,0x0000000020c00000)]
  0x000000001dced000 JavaThread "localhost-startStop-1" daemon [_thread_blocked, id=15572, stack(0x000000001f850000,0x000000001f950000)]
  0x000000001e865800 JavaThread "Tomcat-startStop-1" daemon [_thread_blocked, id=1216, stack(0x000000001f750000,0x000000001f850000)]
  0x00000000197ab800 JavaThread "restartedMain" [_thread_in_Java, id=9668, stack(0x0000000019fa0000,0x000000001a0a0000)]
  0x0000000019903000 JavaThread "Thread-0" [_thread_blocked, id=2392, stack(0x0000000019ea0000,0x0000000019fa0000)]
  0x0000000018a40000 JavaThread "Service Thread" daemon [_thread_blocked, id=15840, stack(0x0000000019190000,0x0000000019290000)]
  0x0000000018a3e000 JavaThread "C1 CompilerThread2" daemon [_thread_in_native, id=15756, stack(0x0000000019090000,0x0000000019190000)]
=>0x00000000189e5000 JavaThread "C2 CompilerThread1" daemon [_thread_in_native, id=14716, stack(0x0000000018f90000,0x0000000019090000)]
  0x00000000189e3800 JavaThread "C2 CompilerThread0" daemon [_thread_in_native, id=15708, stack(0x0000000018e90000,0x0000000018f90000)]
  0x0000000018998000 JavaThread "Monitor Ctrl-Break" daemon [_thread_in_native, id=5168, stack(0x0000000018d90000,0x0000000018e90000)]
  0x00000000187c3800 JavaThread "Attach Listener" daemon [_thread_blocked, id=14756, stack(0x0000000018c80000,0x0000000018d80000)]
  0x00000000173ec800 JavaThread "Signal Dispatcher" daemon [_thread_blocked, id=15188, stack(0x0000000018b80000,0x0000000018c80000)]
  0x0000000002824000 JavaThread "Finalizer" daemon [_thread_blocked, id=14092, stack(0x0000000018620000,0x0000000018720000)]
  0x0000000017399000 JavaThread "Reference Handler" daemon [_thread_blocked, id=15112, stack(0x0000000018520000,0x0000000018620000)]
  0x0000000002733800 JavaThread "main" [_thread_blocked, id=9608, stack(0x00000000020a0000,0x00000000021a0000)]

Other Threads:
  0x0000000017397800 VMThread [stack: 0x0000000018420000,0x0000000018520000] [id=15948]
  0x0000000018b05000 WatcherThread [stack: 0x0000000019290000,0x0000000019390000] [id=15732]

VM state:not at safepoint (normal execution)

VM Mutex/Monitor currently owned by a thread: None

Heap:
 PSYoungGen      total 140800K, used 52748K [0x00000000d5c00000, 0x00000000dee00000, 0x0000000100000000)
  eden space 133120K, 39% used [0x00000000d5c00000,0x00000000d8f833e8,0x00000000dde00000)
  from space 7680K, 0% used [0x00000000de680000,0x00000000de680000,0x00000000dee00000)
  to   space 8192K, 0% used [0x00000000dde00000,0x00000000dde00000,0x00000000de600000)
 ParOldGen       total 66048K, used 19863K [0x0000000081400000, 0x0000000085480000, 0x00000000d5c00000)
  object space 66048K, 30% used [0x0000000081400000,0x0000000082765f48,0x0000000085480000)
 Metaspace       used 35592K, capacity 36098K, committed 36608K, reserved 1081344K
  class space    used 4377K, capacity 4502K, committed 4608K, reserved 1048576K

Card table byte_map: [0x0000000011bf0000,0x0000000011ff0000] byte_map_base: 0x00000000117e6000

Marking Bits: (ParMarkBitMap*) 0x0000000057100600
 Begin Bits: [0x00000000126a0000, 0x0000000014650000)
 End Bits:   [0x0000000014650000, 0x0000000016600000)

Polling page: 0x0000000002060000

CodeCache: size=245760Kb used=13285Kb max_used=13285Kb free=232474Kb
 bounds [0x0000000002830000, 0x0000000003540000, 0x0000000011830000]
 total_blobs=3920 nmethods=3490 adapters=342
 compilation: enabled

Compilation events (10 events):
Event: 33.704 Thread 0x0000000018a3e000 nmethod 4016 0x0000000003532b90 code [0x0000000003532d80, 0x0000000003533a18]
Event: 33.706 Thread 0x0000000018a3e000 4017       2       java.util.concurrent.ConcurrentHashMap$TreeBin::tieBreakOrder (49 bytes)
Event: 33.706 Thread 0x0000000018a3e000 nmethod 4017 0x0000000003533f90 code [0x0000000003534120, 0x00000000035343c8]
Event: 33.707 Thread 0x0000000018a3e000 4018       2       org.aspectj.weaver.World::resolve (40 bytes)
Event: 33.708 Thread 0x0000000018a3e000 nmethod 4018 0x00000000035345d0 code [0x0000000003534740, 0x0000000003534aa8]
Event: 33.747 Thread 0x0000000018a3e000 4019       2       org.aspectj.weaver.ReferenceType::<init> (144 bytes)
Event: 33.748 Thread 0x0000000018a3e000 nmethod 4019 0x0000000003534c90 code [0x0000000003534e40, 0x0000000003535418]
Event: 33.812 Thread 0x0000000018a3e000 4020       2       org.aspectj.weaver.ResolvedType::isParameterizedWithTypeVariable (287 bytes)
Event: 33.814 Thread 0x0000000018a3e000 nmethod 4020 0x0000000003535650 code [0x00000000035358a0, 0x0000000003535fc8]
Event: 33.829 Thread 0x0000000018a3e000 4021       2       org.aspectj.weaver.ReferenceType::isAssignableFrom (850 bytes)

GC Heap History (10 events):
Event: 9.358 GC heap before
{Heap before GC invocations=6 (full 0):
 PSYoungGen      total 71680K, used 8960K [0x00000000d5c00000, 0x00000000def00000, 0x0000000100000000)
  eden space 66560K, 5% used [0x00000000d5c00000,0x00000000d5fc6048,0x00000000d9d00000)
  from space 5120K, 99% used [0x00000000d9d00000,0x00000000da1fa020,0x00000000da200000)
  to   space 8704K, 0% used [0x00000000de680000,0x00000000de680000,0x00000000def00000)
 ParOldGen       total 87552K, used 5799K [0x0000000081400000, 0x0000000086980000, 0x00000000d5c00000)
  object space 87552K, 6% used [0x0000000081400000,0x00000000819a9c10,0x0000000086980000)
 Metaspace       used 20824K, capacity 21240K, committed 21296K, reserved 1069056K
  class space    used 2548K, capacity 2687K, committed 2688K, reserved 1048576K
Event: 9.413 GC heap after
Heap after GC invocations=6 (full 0):
 PSYoungGen      total 140800K, used 5386K [0x00000000d5c00000, 0x00000000dee00000, 0x0000000100000000)
  eden space 133120K, 0% used [0x00000000d5c00000,0x00000000d5c00000,0x00000000dde00000)
  from space 7680K, 70% used [0x00000000de680000,0x00000000debc2840,0x00000000dee00000)
  to   space 8192K, 0% used [0x00000000dde00000,0x00000000dde00000,0x00000000de600000)
 ParOldGen       total 87552K, used 5807K [0x0000000081400000, 0x0000000086980000, 0x00000000d5c00000)
  object space 87552K, 6% used [0x0000000081400000,0x00000000819abc10,0x0000000086980000)
 Metaspace       used 20824K, capacity 21240K, committed 21296K, reserved 1069056K
  class space    used 2548K, capacity 2687K, committed 2688K, reserved 1048576K
}
Event: 9.413 GC heap before
{Heap before GC invocations=7 (full 1):
 PSYoungGen      total 140800K, used 5386K [0x00000000d5c00000, 0x00000000dee00000, 0x0000000100000000)
  eden space 133120K, 0% used [0x00000000d5c00000,0x00000000d5c00000,0x00000000dde00000)
  from space 7680K, 70% used [0x00000000de680000,0x00000000debc2840,0x00000000dee00000)
  to   space 8192K, 0% used [0x00000000dde00000,0x00000000dde00000,0x00000000de600000)
 ParOldGen       total 87552K, used 5807K [0x0000000081400000, 0x0000000086980000, 0x00000000d5c00000)
  object space 87552K, 6% used [0x0000000081400000,0x00000000819abc10,0x0000000086980000)
 Metaspace       used 20824K, capacity 21240K, committed 21296K, reserved 1069056K
  class space    used 2548K, capacity 2687K, committed 2688K, reserved 1048576K
Event: 9.510 GC heap after
Heap after GC invocations=7 (full 1):
 PSYoungGen      total 140800K, used 0K [0x00000000d5c00000, 0x00000000dee00000, 0x0000000100000000)
  eden space 133120K, 0% used [0x00000000d5c00000,0x00000000d5c00000,0x00000000dde00000)
  from space 7680K, 0% used [0x00000000de680000,0x00000000de680000,0x00000000dee00000)
  to   space 8192K, 0% used [0x00000000dde00000,0x00000000dde00000,0x00000000de600000)
 ParOldGen       total 45568K, used 6470K [0x0000000081400000, 0x0000000084080000, 0x00000000d5c00000)
  object space 45568K, 14% used [0x0000000081400000,0x0000000081a51810,0x0000000084080000)
 Metaspace       used 20824K, capacity 21240K, committed 21296K, reserved 1069056K
  class space    used 2548K, capacity 2687K, committed 2688K, reserved 1048576K
}
Event: 26.910 GC heap before
{Heap before GC invocations=8 (full 1):
 PSYoungGen      total 140800K, used 133120K [0x00000000d5c00000, 0x00000000dee00000, 0x0000000100000000)
  eden space 133120K, 100% used [0x00000000d5c00000,0x00000000dde00000,0x00000000dde00000)
  from space 7680K, 0% used [0x00000000de680000,0x00000000de680000,0x00000000dee00000)
  to   space 8192K, 0% used [0x00000000dde00000,0x00000000dde00000,0x00000000de600000)
 ParOldGen       total 45568K, used 6470K [0x0000000081400000, 0x0000000084080000, 0x00000000d5c00000)
  object space 45568K, 14% used [0x0000000081400000,0x0000000081a51810,0x0000000084080000)
 Metaspace       used 30361K, capacity 30828K, committed 30976K, reserved 1077248K
  class space    used 3710K, capacity 3821K, committed 3840K, reserved 1048576K
Event: 26.962 GC heap after
Heap after GC invocations=8 (full 1):
 PSYoungGen      total 141312K, used 8191K [0x00000000d5c00000, 0x00000000dee00000, 0x0000000100000000)
  eden space 133120K, 0% used [0x00000000d5c00000,0x00000000d5c00000,0x00000000dde00000)
  from space 8192K, 99% used [0x00000000dde00000,0x00000000de5ffc30,0x00000000de600000)
  to   space 7680K, 0% used [0x00000000de680000,0x00000000de680000,0x00000000dee00000)
 ParOldGen       total 45568K, used 12511K [0x0000000081400000, 0x0000000084080000, 0x00000000d5c00000)
  object space 45568K, 27% used [0x0000000081400000,0x0000000082037c10,0x0000000084080000)
 Metaspace       used 30361K, capacity 30828K, committed 30976K, reserved 1077248K
  class space    used 3710K, capacity 3821K, committed 3840K, reserved 1048576K
}
Event: 31.956 GC heap before
{Heap before GC invocations=9 (full 1):
 PSYoungGen      total 141312K, used 94978K [0x00000000d5c00000, 0x00000000dee00000, 0x0000000100000000)
  eden space 133120K, 65% used [0x00000000d5c00000,0x00000000db0c0f58,0x00000000dde00000)
  from space 8192K, 99% used [0x00000000dde00000,0x00000000de5ffc30,0x00000000de600000)
  to   space 7680K, 0% used [0x00000000de680000,0x00000000de680000,0x00000000dee00000)
 ParOldGen       total 45568K, used 12511K [0x0000000081400000, 0x0000000084080000, 0x00000000d5c00000)
  object space 45568K, 27% used [0x0000000081400000,0x0000000082037c10,0x0000000084080000)
 Metaspace       used 34773K, capacity 35192K, committed 35456K, reserved 1081344K
  class space    used 4284K, capacity 4399K, committed 4480K, reserved 1048576K
Event: 32.052 GC heap after
Heap after GC invocations=9 (full 1):
 PSYoungGen      total 140800K, used 7648K [0x00000000d5c00000, 0x00000000dee00000, 0x0000000100000000)
  eden space 133120K, 0% used [0x00000000d5c00000,0x00000000d5c00000,0x00000000dde00000)
  from space 7680K, 99% used [0x00000000de680000,0x00000000dedf8020,0x00000000dee00000)
  to   space 8192K, 0% used [0x00000000dde00000,0x00000000dde00000,0x00000000de600000)
 ParOldGen       total 45568K, used 18450K [0x0000000081400000, 0x0000000084080000, 0x00000000d5c00000)
  object space 45568K, 40% used [0x0000000081400000,0x0000000082604870,0x0000000084080000)
 Metaspace       used 34773K, capacity 35192K, committed 35456K, reserved 1081344K
  class space    used 4284K, capacity 4399K, committed 4480K, reserved 1048576K
}
Event: 32.052 GC heap before
{Heap before GC invocations=10 (full 2):
 PSYoungGen      total 140800K, used 7648K [0x00000000d5c00000, 0x00000000dee00000, 0x0000000100000000)
  eden space 133120K, 0% used [0x00000000d5c00000,0x00000000d5c00000,0x00000000dde00000)
  from space 7680K, 99% used [0x00000000de680000,0x00000000dedf8020,0x00000000dee00000)
  to   space 8192K, 0% used [0x00000000dde00000,0x00000000dde00000,0x00000000de600000)
 ParOldGen       total 45568K, used 18450K [0x0000000081400000, 0x0000000084080000, 0x00000000d5c00000)
  object space 45568K, 40% used [0x0000000081400000,0x0000000082604870,0x0000000084080000)
 Metaspace       used 34773K, capacity 35192K, committed 35456K, reserved 1081344K
  class space    used 4284K, capacity 4399K, committed 4480K, reserved 1048576K
Event: 32.193 GC heap after
Heap after GC invocations=10 (full 2):
 PSYoungGen      total 140800K, used 0K [0x00000000d5c00000, 0x00000000dee00000, 0x0000000100000000)
  eden space 133120K, 0% used [0x00000000d5c00000,0x00000000d5c00000,0x00000000dde00000)
  from space 7680K, 0% used [0x00000000de680000,0x00000000de680000,0x00000000dee00000)
  to   space 8192K, 0% used [0x00000000dde00000,0x00000000dde00000,0x00000000de600000)
 ParOldGen       total 66048K, used 19863K [0x0000000081400000, 0x0000000085480000, 0x00000000d5c00000)
  object space 66048K, 30% used [0x0000000081400000,0x0000000082765f48,0x0000000085480000)
 Metaspace       used 34773K, capacity 35192K, committed 35456K, reserved 1081344K
  class space    used 4284K, capacity 4399K, committed 4480K, reserved 1048576K
}

Deoptimization events (10 events):
Event: 32.539 Thread 0x00000000197ab800 Uncommon trap: reason=unstable_if action=reinterpret pc=0x000000000339fd5c method=org.aspectj.weaver.Iterators$ResolvedTypeArrayIterator.next()Lorg/aspectj/weaver/ResolvedType; @ 32
Event: 32.603 Thread 0x00000000197ab800 Uncommon trap: reason=unstable_if action=reinterpret pc=0x0000000002fec2a4 method=org.springframework.asm.Frame.merge(Lorg/springframework/asm/ClassWriter;I[II)Z @ 80
Event: 32.627 Thread 0x00000000197ab800 Uncommon trap: reason=unstable_if action=reinterpret pc=0x00000000031f442c method=java.util.concurrent.ConcurrentHashMap.isEmpty()Z @ 6
Event: 32.634 Thread 0x00000000197ab800 Uncommon trap: reason=unstable_if action=reinterpret pc=0x0000000003061860 method=org.springframework.beans.factory.support.AbstractAutowireCapableBeanFactory.predictBeanType(Ljava/lang/String;Lorg/springframework/beans/factory/support/RootBeanDefinition;[ì¸p$…V@@
Event: 32.676 Thread 0x00000000197ab800 Uncommon trap: reason=unstable_if action=reinterpret pc=0x0000000002fc01c8 method=org.springframework.asm.Frame.push(I)V @ 26
Event: 32.684 Thread 0x00000000197ab800 Uncommon trap: reason=unstable_if action=reinterpret pc=0x0000000003122f04 method=org.springframework.asm.Frame.push(I)V @ 26
Event: 33.346 Thread 0x00000000197ab800 Uncommon trap: reason=unstable_if action=reinterpret pc=0x00000000035003a8 method=org.aspectj.weaver.World.resolve(Lorg/aspectj/weaver/UnresolvedType;Z)Lorg/aspectj/weaver/ResolvedType; @ 249
Event: 33.472 Thread 0x00000000197ab800 Uncommon trap: reason=unstable_if action=reinterpret pc=0x000000000337cd68 method=java.lang.Class.searchMethods([Ljava/lang/reflect/Method;Ljava/lang/String;[Ljava/lang/Class;)Ljava/lang/reflect/Method; @ 47
Event: 33.599 Thread 0x00000000197ab800 Uncommon trap: reason=unstable_if action=reinterpret pc=0x000000000323263c method=java.util.concurrent.ConcurrentHashMap.putVal(Ljava/lang/Object;Ljava/lang/Object;Z)Ljava/lang/Object; @ 331
Event: 33.600 Thread 0x00000000197ab800 Uncommon trap: reason=unstable_if action=reinterpret pc=0x00000000031eb824 method=java.util.concurrent.ConcurrentHashMap.get(Ljava/lang/Object;)Ljava/lang/Object; @ 86

Internal exceptions (10 events):
Event: 33.484 Thread 0x00000000197ab800 Exception <a 'java/lang/ClassNotFoundException': com/fasterxml/jackson/core/ObjectCodecCustomizer> (0x00000000d844cb90) thrown at [D:\re\puppet\workspace\8-2-build-windows-amd64-cygwin\jdk8u73\6086\hotspot\src\share\vm\classfile\systemDictionary.cpp, line 'Y¿@@
Event: 33.495 Thread 0x00000000197ab800 Exception <a 'java/lang/ClassNotFoundException': com/fasterxml/jackson/databind/ObjectMapperCustomizer> (0x00000000d8476568) thrown at [D:\re\puppet\workspace\8-2-build-windows-amd64-cygwin\jdk8u73\6086\hotspot\src\share\vm\classfile\systemDictionary.cpp, ¸×Ã;UÌ@@
Event: 33.596 Thread 0x00000000197ab800 Exception <a 'java/lang/ClassNotFoundException': com/fasterxml/jackson/core/VersionedCustomizer> (0x00000000d862c310) thrown at [D:\re\puppet\workspace\8-2-build-windows-amd64-cygwin\jdk8u73\6086\hotspot\src\share\vm\classfile\systemDictionary.cpp, line 21åeûœvÌ@@
Event: 33.597 Thread 0x00000000197ab800 Exception <a 'java/lang/ClassNotFoundException': java/io/SerializableCustomizer> (0x00000000d8633980) thrown at [D:\re\puppet\workspace\8-2-build-windows-amd64-cygwin\jdk8u73\6086\hotspot\src\share\vm\classfile\systemDictionary.cpp, line 210]
Event: 33.598 Thread 0x00000000197ab800 Exception <a 'java/lang/ClassNotFoundException': com/fasterxml/jackson/core/VersionedCustomizer> (0x00000000d8642d48) thrown at [D:\re\puppet\workspace\8-2-build-windows-amd64-cygwin\jdk8u73\6086\hotspot\src\share\vm\classfile\systemDictionary.cpp, line 21YÔ¸…é@@
Event: 33.824 Thread 0x00000000197ab800 Exception <a 'java/lang/ClassNotFoundException': org/springframework/boot/autoconfigure/websocket/WebSocketAutoConfiguration$$EnhancerBySpringCGLIB$$abfaada8BeanInfo> (0x00000000d8e72d38) thrown at [D:\re\puppet\workspace\8-2-build-windows-amd64-cygwin\jdkava\mave÷¼=µC•
Event: 33.825 Thread 0x00000000197ab800 Exception <a 'java/lang/ClassNotFoundException': org/springframework/boot/autoconfigure/websocket/WebSocketAutoConfigurationBeanInfo> (0x00000000d8e89518) thrown at [D:\re\puppet\workspace\8-2-build-windows-amd64-cygwin\jdk8u73\6086\hotspot\src\share\vm\cl¬"¼ÿ´é@@
Event: 33.826 Thread 0x00000000197ab800 Exception <a 'java/lang/ClassNotFoundException': org/springframework/boot/autoconfigure/websocket/WebSocketAutoConfigurationCustomizer> (0x00000000d8ea0098) thrown at [D:\re\puppet\workspace\8-2-build-windows-amd64-cygwin\jdk8u73\6086\hotspot\src\share\vm\ÅýD…Çé@@
Event: 33.826 Thread 0x00000000197ab800 Exception <a 'java/lang/ClassNotFoundException': org/springframework/boot/autoconfigure/websocket/WebSocketAutoConfiguration$$EnhancerBySpringCGLIB$$abfaada8Customizer> (0x00000000d8ebe498) thrown at [D:\re\puppet\workspace\8-2-build-windows-amd64-cygwin\j×Ê÷ÔÛé@@
Event: 33.827 Thread 0x00000000197ab800 Exception <a 'java/lang/ClassNotFoundException': org/springframework/context/annotation/ConfigurationClassEnhancer$EnhancedConfigurationCustomizer> (0x00000000d8edd068) thrown at [D:\re\puppet\workspace\8-2-build-windows-amd64-cygwin\jdk8u73\6086\hotspot\s]'/íò½@@

Events (10 events):
Event: 33.826 loading class org/springframework/boot/autoconfigure/websocket/WebSocketAutoConfiguration$$EnhancerBySpringCGLIB$$abfaada8Customizer
Event: 33.826 loading class org/springframework/boot/autoconfigure/websocket/WebSocketAutoConfiguration$$EnhancerBySpringCGLIB$$abfaada8Customizer done
Event: 33.826 loading class org/springframework/boot/autoconfigure/websocket/WebSocketAutoConfiguration$$EnhancerBySpringCGLIB$$abfaada8Customizer
Event: 33.826 loading class org/springframework/boot/autoconfigure/websocket/WebSocketAutoConfiguration$$EnhancerBySpringCGLIB$$abfaada8Customizer done
Event: 33.827 loading class org/springframework/context/annotation/ConfigurationClassEnhancer$EnhancedConfigurationCustomizer
Event: 33.827 loading class org/springframework/context/annotation/ConfigurationClassEnhancer$EnhancedConfigurationCustomizer done
Event: 33.827 loading class org/springframework/context/annotation/ConfigurationClassEnhancer$EnhancedConfigurationCustomizer
Event: 33.827 loading class org/springframework/context/annotation/ConfigurationClassEnhancer$EnhancedConfigurationCustomizer done
Event: 33.827 loading class org/springframework/context/annotation/ConfigurationClassEnhancer$EnhancedConfigurationCustomizer
Event: 33.827 loading class org/springframework/context/annotation/ConfigurationClassEnhancer$EnhancedConfigurationCustomizer done


Dynamic libraries:
0x00007ff6cf370000 - 0x00007ff6cf3a7000 	E:\resource\Java\jdk1.8.0_73\bin\java.exe
0x00007ff8fd740000 - 0x00007ff8fd91b000 	C:\WINDOWS\SYSTEM32\ntdll.dll
0x00007ff8fc650000 - 0x00007ff8fc6fe000 	C:\WINDOWS\System32\KERNEL32.DLL
0x00007ff8fa940000 - 0x00007ff8fab89000 	C:\WINDOWS\System32\KERNELBASE.dll
0x00007ff8fd280000 - 0x00007ff8fd321000 	C:\WINDOWS\System32\ADVAPI32.dll
0x00007ff8fd540000 - 0x00007ff8fd5dd000 	C:\WINDOWS\System32\msvcrt.dll
0x00007ff8fd090000 - 0x00007ff8fd0e9000 	C:\WINDOWS\System32\sechost.dll
0x00007ff8fcf30000 - 0x00007ff8fd055000 	C:\WINDOWS\System32\RPCRT4.dll
0x00007ff8fcae0000 - 0x00007ff8fcc2a000 	C:\WINDOWS\System32\USER32.dll
0x00007ff8f9d60000 - 0x00007ff8f9d7e000 	C:\WINDOWS\System32\win32u.dll
0x00007ff8fc8a0000 - 0x00007ff8fc8c7000 	C:\WINDOWS\System32\GDI32.dll
0x00007ff8fa570000 - 0x00007ff8fa6f8000 	C:\WINDOWS\System32\gdi32full.dll
0x00007ff8fa4d0000 - 0x00007ff8fa56a000 	C:\WINDOWS\System32\msvcp_win.dll
0x00007ff8f9c60000 - 0x00007ff8f9d56000 	C:\WINDOWS\System32\ucrtbase.dll
0x00007ff8ef9f0000 - 0x00007ff8efc57000 	C:\WINDOWS\WinSxS\amd64_microsoft.windows.common-controls_6595b64144ccf1df_6.0.15063.483_none_26002d27e7c744a2\COMCTL32.dll
0x00007ff8fcc30000 - 0x00007ff8fcf29000 	C:\WINDOWS\System32\combase.dll
0x00007ff8fa8d0000 - 0x00007ff8fa93a000 	C:\WINDOWS\System32\bcryptPrimitives.dll
0x00007ff8fd060000 - 0x00007ff8fd08d000 	C:\WINDOWS\System32\IMM32.DLL
0x0000000057180000 - 0x0000000057252000 	E:\resource\Java\jdk1.8.0_73\jre\bin\msvcr100.dll
0x00000000568f0000 - 0x0000000057180000 	E:\resource\Java\jdk1.8.0_73\jre\bin\server\jvm.dll
0x00007ff8fad00000 - 0x00007ff8fad08000 	C:\WINDOWS\System32\PSAPI.DLL
0x00007ff8eefc0000 - 0x00007ff8eefc9000 	C:\WINDOWS\SYSTEM32\WSOCK32.dll
0x00007ff8fd100000 - 0x00007ff8fd16c000 	C:\WINDOWS\System32\WS2_32.dll
0x00007ff8f2360000 - 0x00007ff8f2383000 	C:\WINDOWS\SYSTEM32\WINMM.dll
0x00007ff8efed0000 - 0x00007ff8efeda000 	C:\WINDOWS\SYSTEM32\VERSION.dll
0x00007ff8f2190000 - 0x00007ff8f21bb000 	C:\WINDOWS\SYSTEM32\WINMMBASE.dll
0x00007ff8f9d80000 - 0x00007ff8f9dc9000 	C:\WINDOWS\System32\cfgmgr32.dll
0x0000000057b30000 - 0x0000000057b3f000 	E:\resource\Java\jdk1.8.0_73\jre\bin\verify.dll
0x0000000057b00000 - 0x0000000057b29000 	E:\resource\Java\jdk1.8.0_73\jre\bin\java.dll
0x0000000057ad0000 - 0x0000000057af3000 	E:\resource\Java\jdk1.8.0_73\jre\bin\instrument.dll
0x0000000057ab0000 - 0x0000000057ac6000 	E:\resource\Java\jdk1.8.0_73\jre\bin\zip.dll
0x00007ff8fb150000 - 0x00007ff8fc587000 	C:\WINDOWS\System32\SHELL32.dll
0x00007ff8fd330000 - 0x00007ff8fd3da000 	C:\WINDOWS\System32\shcore.dll
0x00007ff8f9dd0000 - 0x00007ff8fa4c2000 	C:\WINDOWS\System32\windows.storage.dll
0x00007ff8fd5e0000 - 0x00007ff8fd631000 	C:\WINDOWS\System32\shlwapi.dll
0x00007ff8f9c40000 - 0x00007ff8f9c51000 	C:\WINDOWS\System32\kernel.appcore.dll
0x00007ff8f9bd0000 - 0x00007ff8f9c1c000 	C:\WINDOWS\System32\powrprof.dll
0x00007ff8f9bb0000 - 0x00007ff8f9bc5000 	C:\WINDOWS\System32\profapi.dll
0x00007ff8f6d90000 - 0x00007ff8f6daa000 	C:\Program Files\JetBrains\IntelliJ IDEA 2017.2.1\bin\breakgen64.dll
0x00000000568d0000 - 0x00000000568ea000 	E:\resource\Java\jdk1.8.0_73\jre\bin\net.dll
0x00007ff8f94c0000 - 0x00007ff8f951c000 	C:\WINDOWS\system32\mswsock.dll
0x0000000057aa0000 - 0x0000000057aad000 	E:\resource\Java\jdk1.8.0_73\jre\bin\management.dll
0x00007ff8e4730000 - 0x00007ff8e4746000 	C:\WINDOWS\system32\napinsp.dll
0x00007ff8e26a0000 - 0x00007ff8e26ba000 	C:\WINDOWS\system32\pnrpnsp.dll
0x00007ff8f6d30000 - 0x00007ff8f6d48000 	C:\WINDOWS\system32\NLAapi.dll
0x00007ff8f92a0000 - 0x00007ff8f9344000 	C:\WINDOWS\SYSTEM32\DNSAPI.dll
0x00007ff8fd0f0000 - 0x00007ff8fd0f8000 	C:\WINDOWS\System32\NSI.dll
0x00007ff8f9260000 - 0x00007ff8f9297000 	C:\WINDOWS\SYSTEM32\IPHLPAPI.DLL
0x00007ff8e4ab0000 - 0x00007ff8e4abe000 	C:\WINDOWS\System32\winrnr.dll
0x0000000058e40000 - 0x0000000058e66000 	C:\Program Files\Bonjour\mdnsNSP.dll
0x00007ff8f25c0000 - 0x00007ff8f25ca000 	C:\Windows\System32\rasadhlp.dll
0x00007ff8f30a0000 - 0x00007ff8f310b000 	C:\WINDOWS\System32\fwpuclnt.dll
0x00007ff8f9770000 - 0x00007ff8f9795000 	C:\WINDOWS\SYSTEM32\bcrypt.dll
0x00000000568b0000 - 0x00000000568c1000 	E:\resource\Java\jdk1.8.0_73\jre\bin\nio.dll
0x00007ff8f9660000 - 0x00007ff8f9677000 	C:\WINDOWS\SYSTEM32\CRYPTSP.dll
0x00007ff8f90e0000 - 0x00007ff8f9114000 	C:\WINDOWS\system32\rsaenh.dll
0x00007ff8f9ae0000 - 0x00007ff8f9b09000 	C:\WINDOWS\SYSTEM32\USERENV.dll
0x00007ff8f9680000 - 0x00007ff8f968b000 	C:\WINDOWS\SYSTEM32\CRYPTBASE.dll
0x00007ff8f3f10000 - 0x00007ff8f3f26000 	C:\WINDOWS\SYSTEM32\dhcpcsvc6.DLL
0x00007ff8f3ef0000 - 0x00007ff8f3f0a000 	C:\WINDOWS\SYSTEM32\dhcpcsvc.DLL

VM Arguments:
jvm_args: -javaagent:C:\Program Files\JetBrains\IntelliJ IDEA 2017.2.1\lib\idea_rt.jar=17736:C:\Program Files\JetBrains\IntelliJ IDEA 2017.2.1\bin -Dfile.encoding=UTF-8 
java_command: com.bjtu.examsys.ExamSystemApplication
java_class_path (initial): E:\resource\Java\jdk1.8.0_73\jre\lib\charsets.jar;E:\resource\Java\jdk1.8.0_73\jre\lib\deploy.jar;E:\resource\Java\jdk1.8.0_73\jre\lib\ext\access-bridge-64.jar;E:\resource\Java\jdk1.8.0_73\jre\lib\ext\cldrdata.jar;E:\resource\Java\jdk1.8.0_73\jre\lib\ext\dnsns.jar;E:\resource\Java\jdk1.8.0_73\jre\lib\ext\jaccess.jar;E:\resource\Java\jdk1.8.0_73\jre\lib\ext\jfxrt.jar;E:\resource\Java\jdk1.8.0_73\jre\lib\ext\localedata.jar;E:\resource\Java\jdk1.8.0_73\jre\lib\ext\nashorn.jar;E:\resource\Java\jdk1.8.0_73\jre\lib\ext\sunec.jar;E:\resource\Java\jdk1.8.0_73\jre\lib\ext\sunjce_provider.jar;E:\resource\Java\jdk1.8.0_73\jre\lib\ext\sunmscapi.jar;E:\resource\Java\jdk1.8.0_73\jre\lib\ext\sunpkcs11.jar;E:\resource\Java\jdk1.8.0_73\jre\lib\ext\zipfs.jar;E:\resource\Java\jdk1.8.0_73\jre\lib\javaws.jar;E:\resource\Java\jdk1.8.0_73\jre\lib\jce.jar;E:\resource\Java\jdk1.8.0_73\jre\lib\jfr.jar;E:\resource\Java\jdk1.8.0_73\jre\lib\jfxswt.jar;E:\resource\Java\jdk1.8.0_73\jre\lib\jsse.jar;E:\resource\Java\jdk1.8.0_73\jre\lib\management-agent.jar;E:\resource\Java\jdk1.8.0_73\jre\lib\plugin.jar;E:\resource\Java\jdk1.8.0_73\jre\lib\resources.jar;E:\resource\Java\jdk1.8.0_73\jre\lib\rt.jar;C:\Users\85202\Documents\GitHub\ExamSystem\ExamSystem\target\classes;E:\resource\Java\maven-res\org\springframework\boot\spring-boot-starter-aop\1.5.4.RELEASE\spring-boot-starter-aop-1.5.4.RELEASE.jar;E:\resource\Java\maven-res\org\springframework\boot\spring-boot-starter\1.5.4.RELEASE\spring-boot-starter-1.5.4.RELEASE.jar;E:\resource\Java\maven-res\org\springframework\boot\spring-boot-starter-logging\1.5.4.RELEASE\spring-boot-starter-logging-1.5.4.RELEASE.jar;E:\resource\Java\maven-res\ch\qos\logback\logback-classic\1.1.11\logback-classic-1.1.11.jar;E:\resource\Java\maven-res\ch\qos\logback\logback-core\1.1.11\logback-core-1.1.11.jar;E:\resource\Java\maven-res\org\slf4j\jcl-over-slf4j\1.7.25\jcl-over-slf4j-1.7.25.jar;E:\resource\Java\maven-res\org\slf4j\jul-to-slf4j\1.7.25\ju
Launcher Type: SUN_STANDARD

Environment Variables:
JAVA_HOME=E:\resource\Java\jdk1.8.0_73
CLASSPATH=.;E:\resource\Java\jdk1.8.0_73\lib;E:\resource\Java\jdk1.8.0_73\lib\tools.jar
PATH=C:\Windows\system32;C:\Windows;C:\Windows\System32\Wbem;C:\Windows\System32\WindowsPowerShell\v1.0\;C:\Program Files\Intel\WiFi\bin\;C:\Program Files\Common Files\Intel\WirelessCommon\;C:\Program Files (x86)\NVIDIA Corporation\PhysX\Common;C:\Program Files (x86)\GtkSharp\2.12\bin;C:\Mysoftware\gradle-3.3-rc-1\bin;E:\resource\Anaconda\envs\python2\Lib\site-packages\pytesser;E:\resource\Anaconda\Lib\site-packages\pytesser;C:\WINDOWS\system32\config\systemprofile\.dnx\bin;C:\Program Files\Microsoft DNX\Dnvm\;C:\Program Files\Microsoft SQL Server\120\Tools\Binn\;C:\Program Files\Microsoft SQL Server\130\Tools\Binn\;C:\Program Files (x86)\Windows Kits\8.1\Windows Performance Toolkit\;C:\Mysoftware\phantomjs-2.1.1-windows\bin;C:\WINDOWS\system32;C:\WINDOWS;C:\WINDOWS\System32\Wbem;C:\WINDOWS\System32\WindowsPowerShell\v1.0\;C:\Program Files\nodejs\;E:\resource\Java\apache-maven-3.5.0\bin;E:\resource\Anaconda;E:\resource\Anaconda\Scripts;E:\resource\Anaconda\Library\bin;C:\Users\85202\AppData\Local\Microsoft\WindowsApps;C:\Program Files\Intel\WiFi\bin\;C:\Program Files\Common Files\Intel\WirelessCommon\;E:\resource\Java\jdk1.8.0_73\bin;E:\resource\Java\jdk1.8.0_73\jre\bin;E:\resource\Anaconda\envs\python2;C:\Users\85202\AppData\Roaming\npm;C:\Users\85202\AppData\Local\GitHubDesktop\bin
USERNAME=Wjl
OS=Windows_NT
PROCESSOR_IDENTIFIER=Intel64 Family 6 Model 60 Stepping 3, GenuineIntel



---------------  S Y S T E M  ---------------

OS: Windows 10.0 , 64 bit Build 15063 (10.0.15063.296)

CPU:total 4 (2 cores per cpu, 2 threads per core) family 6 model 60 stepping 3, cmov, cx8, fxsr, mmx, sse, sse2, sse3, ssse3, sse4.1, sse4.2, popcnt, avx, avx2, aes, clmul, erms, lzcnt, ht, tsc, tscinvbit, bmi1, bmi2

Memory: 4k page, physical 8302956k(587644k free), swap 8302956k(5604k free)

vm_info: Java HotSpot(TM) 64-Bit Server VM (25.73-b02) for windows-amd64 JRE (1.8.0_73-b02), built on Jan 29 2016 17:38:49 by "java_re" with MS VC++ 10.0 (VS2010)

time: Mon Aug 07 00:59:08 2017
elapsed time: 33 seconds (0d 0h 0m 33s)

